<?xml version="1.0" encoding="UTF-8"?>
<!-- Generated by org.testng.reporters.JUnitXMLReporter -->
<testsuite ignored="0" hostname="ISTHYDPC42" failures="2" tests="2" name="Test" time="0.197" errors="0" timestamp="2024-06-11T17:34:33 IST">
  <testcase classname="testCases.My_Testcases" name="sideBarDashboard" time="0.02">
    <failure type="java.lang.NullPointerException" message="Cannot invoke &amp;quot;org.apache.log4j.Logger.info(Object)&amp;quot; because &amp;quot;utility.ListenersEx.logger&amp;quot; is null">
      <![CDATA[java.lang.NullPointerException: Cannot invoke "org.apache.log4j.Logger.info(Object)" because "utility.ListenersEx.logger" is null
at utility.ListenersEx.onTestStart(ListenersEx.java:15)
at java.base/java.util.ArrayList.forEach(ArrayList.java:1511)
... Removed 24 stack frames]]>
    </failure>
  </testcase> <!-- sideBarDashboard -->
  <testcase classname="testCases.My_Testcases" name="sideBarDashboard" time="0.057">
    <failure type="java.lang.NullPointerException" message="Cannot invoke &amp;quot;org.apache.log4j.Logger.error(Object)&amp;quot; because &amp;quot;utility.ListenersEx.logger&amp;quot; is null">
      <![CDATA[java.lang.NullPointerException: Cannot invoke "org.apache.log4j.Logger.error(Object)" because "utility.ListenersEx.logger" is null
at utility.ListenersEx.onTestFailure(ListenersEx.java:25)
at java.base/java.util.ArrayList.forEach(ArrayList.java:1511)
... Removed 24 stack frames]]>
    </failure>
  </testcase> <!-- sideBarDashboard -->
</testsuite> <!-- Test -->
